<?xml version="1.0" encoding="UTF-8"?>
<testsuite xmlns:xsi="http://www.w3.org/2001/XMLSchema-instance" xsi:noNamespaceSchemaLocation="https://maven.apache.org/surefire/maven-surefire-plugin/xsd/surefire-test-report-3.0.xsd" version="3.0" name="TestSuite" time="157.756" tests="3" errors="0" skipped="0" failures="0">
  <properties>
    <property name="java.specification.version" value="20"/>
    <property name="sun.jnu.encoding" value="UTF-8"/>
    <property name="java.class.path" value="/Users/mohammedhaseebalikhan/Desktop/AUTOMATION/SeleniumPOMHaseeb/target/test-classes:/Users/mohammedhaseebalikhan/Desktop/AUTOMATION/SeleniumPOMHaseeb/target/classes:/Users/mohammedhaseebalikhan/.m2/repository/com/github/scribejava/scribejava-apis/2.5.3/scribejava-apis-2.5.3.jar:/Users/mohammedhaseebalikhan/.m2/repository/com/github/scribejava/scribejava-core/2.5.3/scribejava-core-2.5.3.jar:/Users/mohammedhaseebalikhan/.m2/repository/org/apache/poi/poi/3.9/poi-3.9.jar:/Users/mohammedhaseebalikhan/.m2/repository/commons-codec/commons-codec/1.5/commons-codec-1.5.jar:/Users/mohammedhaseebalikhan/.m2/repository/org/apache/poi/poi-ooxml/3.9/poi-ooxml-3.9.jar:/Users/mohammedhaseebalikhan/.m2/repository/dom4j/dom4j/1.6.1/dom4j-1.6.1.jar:/Users/mohammedhaseebalikhan/.m2/repository/xml-apis/xml-apis/1.0.b2/xml-apis-1.0.b2.jar:/Users/mohammedhaseebalikhan/.m2/repository/org/apache/poi/poi-ooxml-schemas/3.9/poi-ooxml-schemas-3.9.jar:/Users/mohammedhaseebalikhan/.m2/repository/org/apache/xmlbeans/xmlbeans/2.3.0/xmlbeans-2.3.0.jar:/Users/mohammedhaseebalikhan/.m2/repository/stax/stax-api/1.0.1/stax-api-1.0.1.jar:/Users/mohammedhaseebalikhan/.m2/repository/org/apache/poi/poi-scratchpad/3.9/poi-scratchpad-3.9.jar:/Users/mohammedhaseebalikhan/.m2/repository/org/apache/poi/ooxml-schemas/1.1/ooxml-schemas-1.1.jar:/Users/mohammedhaseebalikhan/.m2/repository/org/apache/poi/openxml4j/1.0-beta/openxml4j-1.0-beta.jar:/Users/mohammedhaseebalikhan/.m2/repository/log4j/log4j/1.2.8/log4j-1.2.8.jar:/Users/mohammedhaseebalikhan/.m2/repository/com/aventstack/extentreports/5.0.8/extentreports-5.0.8.jar:/Users/mohammedhaseebalikhan/.m2/repository/io/reactivex/rxjava3/rxjava/3.0.4/rxjava-3.0.4.jar:/Users/mohammedhaseebalikhan/.m2/repository/org/reactivestreams/reactive-streams/1.0.3/reactive-streams-1.0.3.jar:/Users/mohammedhaseebalikhan/.m2/repository/org/freemarker/freemarker/2.3.30/freemarker-2.3.30.jar:/Users/mohammedhaseebalikhan/.m2/repository/com/google/code/gson/gson/2.8.6/gson-2.8.6.jar:/Users/mohammedhaseebalikhan/.m2/repository/com/tesults/tesults/1.0.2/tesults-1.0.2.jar:/Users/mohammedhaseebalikhan/.m2/repository/javax/xml/bind/jaxb-api/2.3.0/jaxb-api-2.3.0.jar:/Users/mohammedhaseebalikhan/.m2/repository/org/glassfish/jaxb/jaxb-runtime/2.3.1/jaxb-runtime-2.3.1.jar:/Users/mohammedhaseebalikhan/.m2/repository/org/glassfish/jaxb/txw2/2.3.1/txw2-2.3.1.jar:/Users/mohammedhaseebalikhan/.m2/repository/com/sun/istack/istack-commons-runtime/3.0.7/istack-commons-runtime-3.0.7.jar:/Users/mohammedhaseebalikhan/.m2/repository/org/jvnet/staxex/stax-ex/1.8/stax-ex-1.8.jar:/Users/mohammedhaseebalikhan/.m2/repository/com/sun/xml/fastinfoset/FastInfoset/1.2.15/FastInfoset-1.2.15.jar:/Users/mohammedhaseebalikhan/.m2/repository/javax/activation/javax.activation-api/1.2.0/javax.activation-api-1.2.0.jar:/Users/mohammedhaseebalikhan/.m2/repository/com/amazonaws/aws-java-sdk-s3/1.11.228/aws-java-sdk-s3-1.11.228.jar:/Users/mohammedhaseebalikhan/.m2/repository/com/amazonaws/aws-java-sdk-kms/1.11.228/aws-java-sdk-kms-1.11.228.jar:/Users/mohammedhaseebalikhan/.m2/repository/com/amazonaws/aws-java-sdk-core/1.11.228/aws-java-sdk-core-1.11.228.jar:/Users/mohammedhaseebalikhan/.m2/repository/commons-logging/commons-logging/1.1.3/commons-logging-1.1.3.jar:/Users/mohammedhaseebalikhan/.m2/repository/software/amazon/ion/ion-java/1.0.2/ion-java-1.0.2.jar:/Users/mohammedhaseebalikhan/.m2/repository/com/fasterxml/jackson/dataformat/jackson-dataformat-cbor/2.6.7/jackson-dataformat-cbor-2.6.7.jar:/Users/mohammedhaseebalikhan/.m2/repository/joda-time/joda-time/2.8.1/joda-time-2.8.1.jar:/Users/mohammedhaseebalikhan/.m2/repository/com/amazonaws/jmespath-java/1.11.228/jmespath-java-1.11.228.jar:/Users/mohammedhaseebalikhan/.m2/repository/com/fasterxml/jackson/core/jackson-core/2.9.5/jackson-core-2.9.5.jar:/Users/mohammedhaseebalikhan/.m2/repository/com/fasterxml/jackson/core/jackson-annotations/2.9.5/jackson-annotations-2.9.5.jar:/Users/mohammedhaseebalikhan/.m2/repository/com/fasterxml/jackson/core/jackson-databind/2.9.5/jackson-databind-2.9.5.jar:/Users/mohammedhaseebalikhan/.m2/repository/org/json/json/20171018/json-20171018.jar:/Users/mohammedhaseebalikhan/.m2/repository/commons-io/commons-io/2.6/commons-io-2.6.jar:/Users/mohammedhaseebalikhan/.m2/repository/org/apache/logging/log4j/log4j-api/2.17.1/log4j-api-2.17.1.jar:/Users/mohammedhaseebalikhan/.m2/repository/org/apache/logging/log4j/log4j-core/2.17.1/log4j-core-2.17.1.jar:/Users/mohammedhaseebalikhan/.m2/repository/io/qameta/allure/allure-testng/2.20.1/allure-testng-2.20.1.jar:/Users/mohammedhaseebalikhan/.m2/repository/io/qameta/allure/allure-java-commons/2.20.1/allure-java-commons-2.20.1.jar:/Users/mohammedhaseebalikhan/.m2/repository/io/qameta/allure/allure-model/2.20.1/allure-model-2.20.1.jar:/Users/mohammedhaseebalikhan/.m2/repository/io/qameta/allure/allure-test-filter/2.20.1/allure-test-filter-2.20.1.jar:/Users/mohammedhaseebalikhan/.m2/repository/org/aspectj/aspectjweaver/1.9.5/aspectjweaver-1.9.5.jar:/Users/mohammedhaseebalikhan/.m2/repository/io/qameta/allure/allure-rest-assured/2.20.1/allure-rest-assured-2.20.1.jar:/Users/mohammedhaseebalikhan/.m2/repository/io/qameta/allure/allure-attachments/2.20.1/allure-attachments-2.20.1.jar:/Users/mohammedhaseebalikhan/.m2/repository/io/rest-assured/rest-assured/5.1.1/rest-assured-5.1.1.jar:/Users/mohammedhaseebalikhan/.m2/repository/org/apache/groovy/groovy/4.0.1/groovy-4.0.1.jar:/Users/mohammedhaseebalikhan/.m2/repository/org/apache/groovy/groovy-xml/4.0.1/groovy-xml-4.0.1.jar:/Users/mohammedhaseebalikhan/.m2/repository/org/apache/httpcomponents/httpclient/4.5.13/httpclient-4.5.13.jar:/Users/mohammedhaseebalikhan/.m2/repository/org/apache/httpcomponents/httpcore/4.4.13/httpcore-4.4.13.jar:/Users/mohammedhaseebalikhan/.m2/repository/org/apache/httpcomponents/httpmime/4.5.13/httpmime-4.5.13.jar:/Users/mohammedhaseebalikhan/.m2/repository/org/hamcrest/hamcrest/2.1/hamcrest-2.1.jar:/Users/mohammedhaseebalikhan/.m2/repository/org/ccil/cowan/tagsoup/tagsoup/1.2.1/tagsoup-1.2.1.jar:/Users/mohammedhaseebalikhan/.m2/repository/io/rest-assured/json-path/5.1.1/json-path-5.1.1.jar:/Users/mohammedhaseebalikhan/.m2/repository/org/apache/groovy/groovy-json/4.0.1/groovy-json-4.0.1.jar:/Users/mohammedhaseebalikhan/.m2/repository/io/rest-assured/rest-assured-common/5.1.1/rest-assured-common-5.1.1.jar:/Users/mohammedhaseebalikhan/.m2/repository/io/rest-assured/xml-path/5.1.1/xml-path-5.1.1.jar:/Users/mohammedhaseebalikhan/.m2/repository/com/github/javafaker/javafaker/1.0.2/javafaker-1.0.2.jar:/Users/mohammedhaseebalikhan/.m2/repository/org/apache/commons/commons-lang3/3.5/commons-lang3-3.5.jar:/Users/mohammedhaseebalikhan/.m2/repository/org/yaml/snakeyaml/1.23/snakeyaml-1.23-android.jar:/Users/mohammedhaseebalikhan/.m2/repository/com/github/mifmif/generex/1.0.2/generex-1.0.2.jar:/Users/mohammedhaseebalikhan/.m2/repository/dk/brics/automaton/automaton/1.11-8/automaton-1.11-8.jar:/Users/mohammedhaseebalikhan/.m2/repository/org/apache/maven/plugins/maven-clean-plugin/3.2.0/maven-clean-plugin-3.2.0.jar:/Users/mohammedhaseebalikhan/.m2/repository/org/apache/maven/shared/maven-shared-utils/3.3.4/maven-shared-utils-3.3.4.jar:/Users/mohammedhaseebalikhan/.m2/repository/com/google/guava/guava/31.1-jre/guava-31.1-jre.jar:/Users/mohammedhaseebalikhan/.m2/repository/com/google/guava/failureaccess/1.0.1/failureaccess-1.0.1.jar:/Users/mohammedhaseebalikhan/.m2/repository/com/google/guava/listenablefuture/9999.0-empty-to-avoid-conflict-with-guava/listenablefuture-9999.0-empty-to-avoid-conflict-with-guava.jar:/Users/mohammedhaseebalikhan/.m2/repository/com/google/code/findbugs/jsr305/3.0.2/jsr305-3.0.2.jar:/Users/mohammedhaseebalikhan/.m2/repository/org/checkerframework/checker-qual/3.12.0/checker-qual-3.12.0.jar:/Users/mohammedhaseebalikhan/.m2/repository/com/google/errorprone/error_prone_annotations/2.11.0/error_prone_annotations-2.11.0.jar:/Users/mohammedhaseebalikhan/.m2/repository/com/google/j2objc/j2objc-annotations/1.3/j2objc-annotations-1.3.jar:/Users/mohammedhaseebalikhan/.m2/repository/org/seleniumhq/selenium/selenium-java/4.8.2/selenium-java-4.8.2.jar:/Users/mohammedhaseebalikhan/.m2/repository/org/seleniumhq/selenium/selenium-api/4.8.2/selenium-api-4.8.2.jar:/Users/mohammedhaseebalikhan/.m2/repository/org/seleniumhq/selenium/selenium-chrome-driver/4.8.2/selenium-chrome-driver-4.8.2.jar:/Users/mohammedhaseebalikhan/.m2/repository/com/google/auto/service/auto-service-annotations/1.0.1/auto-service-annotations-1.0.1.jar:/Users/mohammedhaseebalikhan/.m2/repository/com/google/auto/service/auto-service/1.0.1/auto-service-1.0.1.jar:/Users/mohammedhaseebalikhan/.m2/repository/com/google/auto/auto-common/1.2/auto-common-1.2.jar:/Users/mohammedhaseebalikhan/.m2/repository/org/seleniumhq/selenium/selenium-chromium-driver/4.8.2/selenium-chromium-driver-4.8.2.jar:/Users/mohammedhaseebalikhan/.m2/repository/org/seleniumhq/selenium/selenium-json/4.8.2/selenium-json-4.8.2.jar:/Users/mohammedhaseebalikhan/.m2/repository/org/seleniumhq/selenium/selenium-manager/4.8.2/selenium-manager-4.8.2.jar:/Users/mohammedhaseebalikhan/.m2/repository/org/seleniumhq/selenium/selenium-devtools-v109/4.8.2/selenium-devtools-v109-4.8.2.jar:/Users/mohammedhaseebalikhan/.m2/repository/org/seleniumhq/selenium/selenium-devtools-v110/4.8.2/selenium-devtools-v110-4.8.2.jar:/Users/mohammedhaseebalikhan/.m2/repository/org/seleniumhq/selenium/selenium-devtools-v111/4.8.2/selenium-devtools-v111-4.8.2.jar:/Users/mohammedhaseebalikhan/.m2/repository/org/seleniumhq/selenium/selenium-devtools-v85/4.8.2/selenium-devtools-v85-4.8.2.jar:/Users/mohammedhaseebalikhan/.m2/repository/org/seleniumhq/selenium/selenium-edge-driver/4.8.2/selenium-edge-driver-4.8.2.jar:/Users/mohammedhaseebalikhan/.m2/repository/org/seleniumhq/selenium/selenium-firefox-driver/4.8.2/selenium-firefox-driver-4.8.2.jar:/Users/mohammedhaseebalikhan/.m2/repository/org/seleniumhq/selenium/selenium-http/4.8.2/selenium-http-4.8.2.jar:/Users/mohammedhaseebalikhan/.m2/repository/dev/failsafe/failsafe/3.3.1/failsafe-3.3.1.jar:/Users/mohammedhaseebalikhan/.m2/repository/org/seleniumhq/selenium/selenium-ie-driver/4.8.2/selenium-ie-driver-4.8.2.jar:/Users/mohammedhaseebalikhan/.m2/repository/org/seleniumhq/selenium/selenium-remote-driver/4.8.2/selenium-remote-driver-4.8.2.jar:/Users/mohammedhaseebalikhan/.m2/repository/io/netty/netty-buffer/4.1.90.Final/netty-buffer-4.1.90.Final.jar:/Users/mohammedhaseebalikhan/.m2/repository/io/netty/netty-codec-http/4.1.90.Final/netty-codec-http-4.1.90.Final.jar:/Users/mohammedhaseebalikhan/.m2/repository/io/netty/netty-codec/4.1.90.Final/netty-codec-4.1.90.Final.jar:/Users/mohammedhaseebalikhan/.m2/repository/io/netty/netty-handler/4.1.90.Final/netty-handler-4.1.90.Final.jar:/Users/mohammedhaseebalikhan/.m2/repository/io/netty/netty-common/4.1.90.Final/netty-common-4.1.90.Final.jar:/Users/mohammedhaseebalikhan/.m2/repository/io/netty/netty-transport-classes-epoll/4.1.90.Final/netty-transport-classes-epoll-4.1.90.Final.jar:/Users/mohammedhaseebalikhan/.m2/repository/io/netty/netty-transport-classes-kqueue/4.1.90.Final/netty-transport-classes-kqueue-4.1.90.Final.jar:/Users/mohammedhaseebalikhan/.m2/repository/io/netty/netty-transport-native-epoll/4.1.90.Final/netty-transport-native-epoll-4.1.90.Final.jar:/Users/mohammedhaseebalikhan/.m2/repository/io/netty/netty-transport-native-kqueue/4.1.90.Final/netty-transport-native-kqueue-4.1.90.Final.jar:/Users/mohammedhaseebalikhan/.m2/repository/io/netty/netty-transport-native-unix-common/4.1.90.Final/netty-transport-native-unix-common-4.1.90.Final.jar:/Users/mohammedhaseebalikhan/.m2/repository/io/netty/netty-transport/4.1.90.Final/netty-transport-4.1.90.Final.jar:/Users/mohammedhaseebalikhan/.m2/repository/io/netty/netty-resolver/4.1.90.Final/netty-resolver-4.1.90.Final.jar:/Users/mohammedhaseebalikhan/.m2/repository/io/opentelemetry/opentelemetry-api/1.24.0/opentelemetry-api-1.24.0.jar:/Users/mohammedhaseebalikhan/.m2/repository/io/opentelemetry/opentelemetry-context/1.24.0/opentelemetry-context-1.24.0.jar:/Users/mohammedhaseebalikhan/.m2/repository/io/opentelemetry/opentelemetry-exporter-logging/1.24.0/opentelemetry-exporter-logging-1.24.0.jar:/Users/mohammedhaseebalikhan/.m2/repository/io/opentelemetry/opentelemetry-sdk-metrics/1.24.0/opentelemetry-sdk-metrics-1.24.0.jar:/Users/mohammedhaseebalikhan/.m2/repository/io/opentelemetry/opentelemetry-sdk-logs/1.24.0-alpha/opentelemetry-sdk-logs-1.24.0-alpha.jar:/Users/mohammedhaseebalikhan/.m2/repository/io/opentelemetry/opentelemetry-api-logs/1.24.0-alpha/opentelemetry-api-logs-1.24.0-alpha.jar:/Users/mohammedhaseebalikhan/.m2/repository/io/opentelemetry/opentelemetry-api-events/1.24.0-alpha/opentelemetry-api-events-1.24.0-alpha.jar:/Users/mohammedhaseebalikhan/.m2/repository/io/opentelemetry/opentelemetry-sdk-common/1.24.0/opentelemetry-sdk-common-1.24.0.jar:/Users/mohammedhaseebalikhan/.m2/repository/io/opentelemetry/opentelemetry-sdk-extension-autoconfigure-spi/1.24.0/opentelemetry-sdk-extension-autoconfigure-spi-1.24.0.jar:/Users/mohammedhaseebalikhan/.m2/repository/io/opentelemetry/opentelemetry-sdk-extension-autoconfigure/1.24.0-alpha/opentelemetry-sdk-extension-autoconfigure-1.24.0-alpha.jar:/Users/mohammedhaseebalikhan/.m2/repository/io/opentelemetry/opentelemetry-sdk-trace/1.24.0/opentelemetry-sdk-trace-1.24.0.jar:/Users/mohammedhaseebalikhan/.m2/repository/io/opentelemetry/opentelemetry-sdk/1.24.0/opentelemetry-sdk-1.24.0.jar:/Users/mohammedhaseebalikhan/.m2/repository/io/opentelemetry/opentelemetry-semconv/1.24.0-alpha/opentelemetry-semconv-1.24.0-alpha.jar:/Users/mohammedhaseebalikhan/.m2/repository/io/ous/jtoml/2.0.0/jtoml-2.0.0.jar:/Users/mohammedhaseebalikhan/.m2/repository/net/bytebuddy/byte-buddy/1.14.2/byte-buddy-1.14.2.jar:/Users/mohammedhaseebalikhan/.m2/repository/org/apache/commons/commons-exec/1.3/commons-exec-1.3.jar:/Users/mohammedhaseebalikhan/.m2/repository/org/asynchttpclient/async-http-client/2.12.3/async-http-client-2.12.3.jar:/Users/mohammedhaseebalikhan/.m2/repository/org/asynchttpclient/async-http-client-netty-utils/2.12.3/async-http-client-netty-utils-2.12.3.jar:/Users/mohammedhaseebalikhan/.m2/repository/io/netty/netty-codec-socks/4.1.60.Final/netty-codec-socks-4.1.60.Final.jar:/Users/mohammedhaseebalikhan/.m2/repository/io/netty/netty-handler-proxy/4.1.60.Final/netty-handler-proxy-4.1.60.Final.jar:/Users/mohammedhaseebalikhan/.m2/repository/io/netty/netty-transport-native-epoll/4.1.60.Final/netty-transport-native-epoll-4.1.60.Final-linux-x86_64.jar:/Users/mohammedhaseebalikhan/.m2/repository/io/netty/netty-transport-native-kqueue/4.1.60.Final/netty-transport-native-kqueue-4.1.60.Final-osx-x86_64.jar:/Users/mohammedhaseebalikhan/.m2/repository/com/typesafe/netty/netty-reactive-streams/2.0.4/netty-reactive-streams-2.0.4.jar:/Users/mohammedhaseebalikhan/.m2/repository/com/sun/activation/jakarta.activation/1.2.2/jakarta.activation-1.2.2.jar:/Users/mohammedhaseebalikhan/.m2/repository/org/seleniumhq/selenium/selenium-safari-driver/4.8.2/selenium-safari-driver-4.8.2.jar:/Users/mohammedhaseebalikhan/.m2/repository/org/seleniumhq/selenium/selenium-support/4.8.2/selenium-support-4.8.2.jar:/Users/mohammedhaseebalikhan/.m2/repository/org/testng/testng/6.14.3/testng-6.14.3.jar:/Users/mohammedhaseebalikhan/.m2/repository/com/beust/jcommander/1.72/jcommander-1.72.jar:/Users/mohammedhaseebalikhan/.m2/repository/org/apache-extras/beanshell/bsh/2.0b6/bsh-2.0b6.jar:/Users/mohammedhaseebalikhan/.m2/repository/org/projectlombok/lombok/1.18.24/lombok-1.18.24.jar:/Users/mohammedhaseebalikhan/.m2/repository/io/github/bonigarcia/webdrivermanager/5.3.2/webdrivermanager-5.3.2.jar:/Users/mohammedhaseebalikhan/.m2/repository/org/slf4j/slf4j-api/2.0.6/slf4j-api-2.0.6.jar:/Users/mohammedhaseebalikhan/.m2/repository/com/github/docker-java/docker-java/3.2.14/docker-java-3.2.14.jar:/Users/mohammedhaseebalikhan/.m2/repository/com/github/docker-java/docker-java-core/3.2.14/docker-java-core-3.2.14.jar:/Users/mohammedhaseebalikhan/.m2/repository/com/github/docker-java/docker-java-api/3.2.14/docker-java-api-3.2.14.jar:/Users/mohammedhaseebalikhan/.m2/repository/org/apache/commons/commons-compress/1.21/commons-compress-1.21.jar:/Users/mohammedhaseebalikhan/.m2/repository/org/bouncycastle/bcpkix-jdk15on/1.64/bcpkix-jdk15on-1.64.jar:/Users/mohammedhaseebalikhan/.m2/repository/org/bouncycastle/bcprov-jdk15on/1.64/bcprov-jdk15on-1.64.jar:/Users/mohammedhaseebalikhan/.m2/repository/org/slf4j/jcl-over-slf4j/1.7.30/jcl-over-slf4j-1.7.30.jar:/Users/mohammedhaseebalikhan/.m2/repository/com/github/docker-java/docker-java-transport-httpclient5/3.2.14/docker-java-transport-httpclient5-3.2.14.jar:/Users/mohammedhaseebalikhan/.m2/repository/com/github/docker-java/docker-java-transport/3.2.14/docker-java-transport-3.2.14.jar:/Users/mohammedhaseebalikhan/.m2/repository/net/java/dev/jna/jna/5.12.1/jna-5.12.1.jar:/Users/mohammedhaseebalikhan/.m2/repository/org/brotli/dec/0.1.2/dec-0.1.2.jar:/Users/mohammedhaseebalikhan/.m2/repository/org/apache/httpcomponents/client5/httpclient5/5.2.1/httpclient5-5.2.1.jar:/Users/mohammedhaseebalikhan/.m2/repository/org/apache/httpcomponents/core5/httpcore5/5.2/httpcore5-5.2.jar:/Users/mohammedhaseebalikhan/.m2/repository/org/apache/httpcomponents/core5/httpcore5-h2/5.2/httpcore5-h2-5.2.jar:/Users/mohammedhaseebalikhan/.m2/repository/io/jsonwebtoken/jjwt-api/0.11.5/jjwt-api-0.11.5.jar:/Users/mohammedhaseebalikhan/.m2/repository/io/jsonwebtoken/jjwt-impl/0.11.5/jjwt-impl-0.11.5.jar:/Users/mohammedhaseebalikhan/.m2/repository/io/jsonwebtoken/jjwt-jackson/0.11.5/jjwt-jackson-0.11.5.jar:"/>
    <property name="java.vm.vendor" value="Homebrew"/>
    <property name="sun.arch.data.model" value="64"/>
    <property name="java.vendor.url" value="https://github.com/Homebrew/homebrew-core/issues"/>
    <property name="user.timezone" value="Asia/Kolkata"/>
    <property name="suiteXmlFile" value="src/test/java/resources/testrunner/regression.xml"/>
    <property name="os.name" value="Mac OS X"/>
    <property name="java.vm.specification.version" value="20"/>
    <property name="sun.java.launcher" value="SUN_STANDARD"/>
    <property name="user.country" value="IN"/>
    <property name="sun.boot.library.path" value="/usr/local/Cellar/openjdk/20.0.1/libexec/openjdk.jdk/Contents/Home/lib"/>
    <property name="sun.java.command" value="/Users/mohammedhaseebalikhan/Desktop/AUTOMATION/SeleniumPOMHaseeb/target/surefire/surefirebooter-20230815122031232_3.jar /Users/mohammedhaseebalikhan/Desktop/AUTOMATION/SeleniumPOMHaseeb/target/surefire 2023-08-15T12-20-30_981-jvmRun1 surefire-20230815122031232_1tmp surefire_0-20230815122031232_2tmp"/>
    <property name="http.nonProxyHosts" value="local|*.local|169.254/16|*.169.254/16"/>
    <property name="jdk.debug" value="release"/>
    <property name="surefire.test.class.path" value="/Users/mohammedhaseebalikhan/Desktop/AUTOMATION/SeleniumPOMHaseeb/target/test-classes:/Users/mohammedhaseebalikhan/Desktop/AUTOMATION/SeleniumPOMHaseeb/target/classes:/Users/mohammedhaseebalikhan/.m2/repository/com/github/scribejava/scribejava-apis/2.5.3/scribejava-apis-2.5.3.jar:/Users/mohammedhaseebalikhan/.m2/repository/com/github/scribejava/scribejava-core/2.5.3/scribejava-core-2.5.3.jar:/Users/mohammedhaseebalikhan/.m2/repository/org/apache/poi/poi/3.9/poi-3.9.jar:/Users/mohammedhaseebalikhan/.m2/repository/commons-codec/commons-codec/1.5/commons-codec-1.5.jar:/Users/mohammedhaseebalikhan/.m2/repository/org/apache/poi/poi-ooxml/3.9/poi-ooxml-3.9.jar:/Users/mohammedhaseebalikhan/.m2/repository/dom4j/dom4j/1.6.1/dom4j-1.6.1.jar:/Users/mohammedhaseebalikhan/.m2/repository/xml-apis/xml-apis/1.0.b2/xml-apis-1.0.b2.jar:/Users/mohammedhaseebalikhan/.m2/repository/org/apache/poi/poi-ooxml-schemas/3.9/poi-ooxml-schemas-3.9.jar:/Users/mohammedhaseebalikhan/.m2/repository/org/apache/xmlbeans/xmlbeans/2.3.0/xmlbeans-2.3.0.jar:/Users/mohammedhaseebalikhan/.m2/repository/stax/stax-api/1.0.1/stax-api-1.0.1.jar:/Users/mohammedhaseebalikhan/.m2/repository/org/apache/poi/poi-scratchpad/3.9/poi-scratchpad-3.9.jar:/Users/mohammedhaseebalikhan/.m2/repository/org/apache/poi/ooxml-schemas/1.1/ooxml-schemas-1.1.jar:/Users/mohammedhaseebalikhan/.m2/repository/org/apache/poi/openxml4j/1.0-beta/openxml4j-1.0-beta.jar:/Users/mohammedhaseebalikhan/.m2/repository/log4j/log4j/1.2.8/log4j-1.2.8.jar:/Users/mohammedhaseebalikhan/.m2/repository/com/aventstack/extentreports/5.0.8/extentreports-5.0.8.jar:/Users/mohammedhaseebalikhan/.m2/repository/io/reactivex/rxjava3/rxjava/3.0.4/rxjava-3.0.4.jar:/Users/mohammedhaseebalikhan/.m2/repository/org/reactivestreams/reactive-streams/1.0.3/reactive-streams-1.0.3.jar:/Users/mohammedhaseebalikhan/.m2/repository/org/freemarker/freemarker/2.3.30/freemarker-2.3.30.jar:/Users/mohammedhaseebalikhan/.m2/repository/com/google/code/gson/gson/2.8.6/gson-2.8.6.jar:/Users/mohammedhaseebalikhan/.m2/repository/com/tesults/tesults/1.0.2/tesults-1.0.2.jar:/Users/mohammedhaseebalikhan/.m2/repository/javax/xml/bind/jaxb-api/2.3.0/jaxb-api-2.3.0.jar:/Users/mohammedhaseebalikhan/.m2/repository/org/glassfish/jaxb/jaxb-runtime/2.3.1/jaxb-runtime-2.3.1.jar:/Users/mohammedhaseebalikhan/.m2/repository/org/glassfish/jaxb/txw2/2.3.1/txw2-2.3.1.jar:/Users/mohammedhaseebalikhan/.m2/repository/com/sun/istack/istack-commons-runtime/3.0.7/istack-commons-runtime-3.0.7.jar:/Users/mohammedhaseebalikhan/.m2/repository/org/jvnet/staxex/stax-ex/1.8/stax-ex-1.8.jar:/Users/mohammedhaseebalikhan/.m2/repository/com/sun/xml/fastinfoset/FastInfoset/1.2.15/FastInfoset-1.2.15.jar:/Users/mohammedhaseebalikhan/.m2/repository/javax/activation/javax.activation-api/1.2.0/javax.activation-api-1.2.0.jar:/Users/mohammedhaseebalikhan/.m2/repository/com/amazonaws/aws-java-sdk-s3/1.11.228/aws-java-sdk-s3-1.11.228.jar:/Users/mohammedhaseebalikhan/.m2/repository/com/amazonaws/aws-java-sdk-kms/1.11.228/aws-java-sdk-kms-1.11.228.jar:/Users/mohammedhaseebalikhan/.m2/repository/com/amazonaws/aws-java-sdk-core/1.11.228/aws-java-sdk-core-1.11.228.jar:/Users/mohammedhaseebalikhan/.m2/repository/commons-logging/commons-logging/1.1.3/commons-logging-1.1.3.jar:/Users/mohammedhaseebalikhan/.m2/repository/software/amazon/ion/ion-java/1.0.2/ion-java-1.0.2.jar:/Users/mohammedhaseebalikhan/.m2/repository/com/fasterxml/jackson/dataformat/jackson-dataformat-cbor/2.6.7/jackson-dataformat-cbor-2.6.7.jar:/Users/mohammedhaseebalikhan/.m2/repository/joda-time/joda-time/2.8.1/joda-time-2.8.1.jar:/Users/mohammedhaseebalikhan/.m2/repository/com/amazonaws/jmespath-java/1.11.228/jmespath-java-1.11.228.jar:/Users/mohammedhaseebalikhan/.m2/repository/com/fasterxml/jackson/core/jackson-core/2.9.5/jackson-core-2.9.5.jar:/Users/mohammedhaseebalikhan/.m2/repository/com/fasterxml/jackson/core/jackson-annotations/2.9.5/jackson-annotations-2.9.5.jar:/Users/mohammedhaseebalikhan/.m2/repository/com/fasterxml/jackson/core/jackson-databind/2.9.5/jackson-databind-2.9.5.jar:/Users/mohammedhaseebalikhan/.m2/repository/org/json/json/20171018/json-20171018.jar:/Users/mohammedhaseebalikhan/.m2/repository/commons-io/commons-io/2.6/commons-io-2.6.jar:/Users/mohammedhaseebalikhan/.m2/repository/org/apache/logging/log4j/log4j-api/2.17.1/log4j-api-2.17.1.jar:/Users/mohammedhaseebalikhan/.m2/repository/org/apache/logging/log4j/log4j-core/2.17.1/log4j-core-2.17.1.jar:/Users/mohammedhaseebalikhan/.m2/repository/io/qameta/allure/allure-testng/2.20.1/allure-testng-2.20.1.jar:/Users/mohammedhaseebalikhan/.m2/repository/io/qameta/allure/allure-java-commons/2.20.1/allure-java-commons-2.20.1.jar:/Users/mohammedhaseebalikhan/.m2/repository/io/qameta/allure/allure-model/2.20.1/allure-model-2.20.1.jar:/Users/mohammedhaseebalikhan/.m2/repository/io/qameta/allure/allure-test-filter/2.20.1/allure-test-filter-2.20.1.jar:/Users/mohammedhaseebalikhan/.m2/repository/org/aspectj/aspectjweaver/1.9.5/aspectjweaver-1.9.5.jar:/Users/mohammedhaseebalikhan/.m2/repository/io/qameta/allure/allure-rest-assured/2.20.1/allure-rest-assured-2.20.1.jar:/Users/mohammedhaseebalikhan/.m2/repository/io/qameta/allure/allure-attachments/2.20.1/allure-attachments-2.20.1.jar:/Users/mohammedhaseebalikhan/.m2/repository/io/rest-assured/rest-assured/5.1.1/rest-assured-5.1.1.jar:/Users/mohammedhaseebalikhan/.m2/repository/org/apache/groovy/groovy/4.0.1/groovy-4.0.1.jar:/Users/mohammedhaseebalikhan/.m2/repository/org/apache/groovy/groovy-xml/4.0.1/groovy-xml-4.0.1.jar:/Users/mohammedhaseebalikhan/.m2/repository/org/apache/httpcomponents/httpclient/4.5.13/httpclient-4.5.13.jar:/Users/mohammedhaseebalikhan/.m2/repository/org/apache/httpcomponents/httpcore/4.4.13/httpcore-4.4.13.jar:/Users/mohammedhaseebalikhan/.m2/repository/org/apache/httpcomponents/httpmime/4.5.13/httpmime-4.5.13.jar:/Users/mohammedhaseebalikhan/.m2/repository/org/hamcrest/hamcrest/2.1/hamcrest-2.1.jar:/Users/mohammedhaseebalikhan/.m2/repository/org/ccil/cowan/tagsoup/tagsoup/1.2.1/tagsoup-1.2.1.jar:/Users/mohammedhaseebalikhan/.m2/repository/io/rest-assured/json-path/5.1.1/json-path-5.1.1.jar:/Users/mohammedhaseebalikhan/.m2/repository/org/apache/groovy/groovy-json/4.0.1/groovy-json-4.0.1.jar:/Users/mohammedhaseebalikhan/.m2/repository/io/rest-assured/rest-assured-common/5.1.1/rest-assured-common-5.1.1.jar:/Users/mohammedhaseebalikhan/.m2/repository/io/rest-assured/xml-path/5.1.1/xml-path-5.1.1.jar:/Users/mohammedhaseebalikhan/.m2/repository/com/github/javafaker/javafaker/1.0.2/javafaker-1.0.2.jar:/Users/mohammedhaseebalikhan/.m2/repository/org/apache/commons/commons-lang3/3.5/commons-lang3-3.5.jar:/Users/mohammedhaseebalikhan/.m2/repository/org/yaml/snakeyaml/1.23/snakeyaml-1.23-android.jar:/Users/mohammedhaseebalikhan/.m2/repository/com/github/mifmif/generex/1.0.2/generex-1.0.2.jar:/Users/mohammedhaseebalikhan/.m2/repository/dk/brics/automaton/automaton/1.11-8/automaton-1.11-8.jar:/Users/mohammedhaseebalikhan/.m2/repository/org/apache/maven/plugins/maven-clean-plugin/3.2.0/maven-clean-plugin-3.2.0.jar:/Users/mohammedhaseebalikhan/.m2/repository/org/apache/maven/shared/maven-shared-utils/3.3.4/maven-shared-utils-3.3.4.jar:/Users/mohammedhaseebalikhan/.m2/repository/com/google/guava/guava/31.1-jre/guava-31.1-jre.jar:/Users/mohammedhaseebalikhan/.m2/repository/com/google/guava/failureaccess/1.0.1/failureaccess-1.0.1.jar:/Users/mohammedhaseebalikhan/.m2/repository/com/google/guava/listenablefuture/9999.0-empty-to-avoid-conflict-with-guava/listenablefuture-9999.0-empty-to-avoid-conflict-with-guava.jar:/Users/mohammedhaseebalikhan/.m2/repository/com/google/code/findbugs/jsr305/3.0.2/jsr305-3.0.2.jar:/Users/mohammedhaseebalikhan/.m2/repository/org/checkerframework/checker-qual/3.12.0/checker-qual-3.12.0.jar:/Users/mohammedhaseebalikhan/.m2/repository/com/google/errorprone/error_prone_annotations/2.11.0/error_prone_annotations-2.11.0.jar:/Users/mohammedhaseebalikhan/.m2/repository/com/google/j2objc/j2objc-annotations/1.3/j2objc-annotations-1.3.jar:/Users/mohammedhaseebalikhan/.m2/repository/org/seleniumhq/selenium/selenium-java/4.8.2/selenium-java-4.8.2.jar:/Users/mohammedhaseebalikhan/.m2/repository/org/seleniumhq/selenium/selenium-api/4.8.2/selenium-api-4.8.2.jar:/Users/mohammedhaseebalikhan/.m2/repository/org/seleniumhq/selenium/selenium-chrome-driver/4.8.2/selenium-chrome-driver-4.8.2.jar:/Users/mohammedhaseebalikhan/.m2/repository/com/google/auto/service/auto-service-annotations/1.0.1/auto-service-annotations-1.0.1.jar:/Users/mohammedhaseebalikhan/.m2/repository/com/google/auto/service/auto-service/1.0.1/auto-service-1.0.1.jar:/Users/mohammedhaseebalikhan/.m2/repository/com/google/auto/auto-common/1.2/auto-common-1.2.jar:/Users/mohammedhaseebalikhan/.m2/repository/org/seleniumhq/selenium/selenium-chromium-driver/4.8.2/selenium-chromium-driver-4.8.2.jar:/Users/mohammedhaseebalikhan/.m2/repository/org/seleniumhq/selenium/selenium-json/4.8.2/selenium-json-4.8.2.jar:/Users/mohammedhaseebalikhan/.m2/repository/org/seleniumhq/selenium/selenium-manager/4.8.2/selenium-manager-4.8.2.jar:/Users/mohammedhaseebalikhan/.m2/repository/org/seleniumhq/selenium/selenium-devtools-v109/4.8.2/selenium-devtools-v109-4.8.2.jar:/Users/mohammedhaseebalikhan/.m2/repository/org/seleniumhq/selenium/selenium-devtools-v110/4.8.2/selenium-devtools-v110-4.8.2.jar:/Users/mohammedhaseebalikhan/.m2/repository/org/seleniumhq/selenium/selenium-devtools-v111/4.8.2/selenium-devtools-v111-4.8.2.jar:/Users/mohammedhaseebalikhan/.m2/repository/org/seleniumhq/selenium/selenium-devtools-v85/4.8.2/selenium-devtools-v85-4.8.2.jar:/Users/mohammedhaseebalikhan/.m2/repository/org/seleniumhq/selenium/selenium-edge-driver/4.8.2/selenium-edge-driver-4.8.2.jar:/Users/mohammedhaseebalikhan/.m2/repository/org/seleniumhq/selenium/selenium-firefox-driver/4.8.2/selenium-firefox-driver-4.8.2.jar:/Users/mohammedhaseebalikhan/.m2/repository/org/seleniumhq/selenium/selenium-http/4.8.2/selenium-http-4.8.2.jar:/Users/mohammedhaseebalikhan/.m2/repository/dev/failsafe/failsafe/3.3.1/failsafe-3.3.1.jar:/Users/mohammedhaseebalikhan/.m2/repository/org/seleniumhq/selenium/selenium-ie-driver/4.8.2/selenium-ie-driver-4.8.2.jar:/Users/mohammedhaseebalikhan/.m2/repository/org/seleniumhq/selenium/selenium-remote-driver/4.8.2/selenium-remote-driver-4.8.2.jar:/Users/mohammedhaseebalikhan/.m2/repository/io/netty/netty-buffer/4.1.90.Final/netty-buffer-4.1.90.Final.jar:/Users/mohammedhaseebalikhan/.m2/repository/io/netty/netty-codec-http/4.1.90.Final/netty-codec-http-4.1.90.Final.jar:/Users/mohammedhaseebalikhan/.m2/repository/io/netty/netty-codec/4.1.90.Final/netty-codec-4.1.90.Final.jar:/Users/mohammedhaseebalikhan/.m2/repository/io/netty/netty-handler/4.1.90.Final/netty-handler-4.1.90.Final.jar:/Users/mohammedhaseebalikhan/.m2/repository/io/netty/netty-common/4.1.90.Final/netty-common-4.1.90.Final.jar:/Users/mohammedhaseebalikhan/.m2/repository/io/netty/netty-transport-classes-epoll/4.1.90.Final/netty-transport-classes-epoll-4.1.90.Final.jar:/Users/mohammedhaseebalikhan/.m2/repository/io/netty/netty-transport-classes-kqueue/4.1.90.Final/netty-transport-classes-kqueue-4.1.90.Final.jar:/Users/mohammedhaseebalikhan/.m2/repository/io/netty/netty-transport-native-epoll/4.1.90.Final/netty-transport-native-epoll-4.1.90.Final.jar:/Users/mohammedhaseebalikhan/.m2/repository/io/netty/netty-transport-native-kqueue/4.1.90.Final/netty-transport-native-kqueue-4.1.90.Final.jar:/Users/mohammedhaseebalikhan/.m2/repository/io/netty/netty-transport-native-unix-common/4.1.90.Final/netty-transport-native-unix-common-4.1.90.Final.jar:/Users/mohammedhaseebalikhan/.m2/repository/io/netty/netty-transport/4.1.90.Final/netty-transport-4.1.90.Final.jar:/Users/mohammedhaseebalikhan/.m2/repository/io/netty/netty-resolver/4.1.90.Final/netty-resolver-4.1.90.Final.jar:/Users/mohammedhaseebalikhan/.m2/repository/io/opentelemetry/opentelemetry-api/1.24.0/opentelemetry-api-1.24.0.jar:/Users/mohammedhaseebalikhan/.m2/repository/io/opentelemetry/opentelemetry-context/1.24.0/opentelemetry-context-1.24.0.jar:/Users/mohammedhaseebalikhan/.m2/repository/io/opentelemetry/opentelemetry-exporter-logging/1.24.0/opentelemetry-exporter-logging-1.24.0.jar:/Users/mohammedhaseebalikhan/.m2/repository/io/opentelemetry/opentelemetry-sdk-metrics/1.24.0/opentelemetry-sdk-metrics-1.24.0.jar:/Users/mohammedhaseebalikhan/.m2/repository/io/opentelemetry/opentelemetry-sdk-logs/1.24.0-alpha/opentelemetry-sdk-logs-1.24.0-alpha.jar:/Users/mohammedhaseebalikhan/.m2/repository/io/opentelemetry/opentelemetry-api-logs/1.24.0-alpha/opentelemetry-api-logs-1.24.0-alpha.jar:/Users/mohammedhaseebalikhan/.m2/repository/io/opentelemetry/opentelemetry-api-events/1.24.0-alpha/opentelemetry-api-events-1.24.0-alpha.jar:/Users/mohammedhaseebalikhan/.m2/repository/io/opentelemetry/opentelemetry-sdk-common/1.24.0/opentelemetry-sdk-common-1.24.0.jar:/Users/mohammedhaseebalikhan/.m2/repository/io/opentelemetry/opentelemetry-sdk-extension-autoconfigure-spi/1.24.0/opentelemetry-sdk-extension-autoconfigure-spi-1.24.0.jar:/Users/mohammedhaseebalikhan/.m2/repository/io/opentelemetry/opentelemetry-sdk-extension-autoconfigure/1.24.0-alpha/opentelemetry-sdk-extension-autoconfigure-1.24.0-alpha.jar:/Users/mohammedhaseebalikhan/.m2/repository/io/opentelemetry/opentelemetry-sdk-trace/1.24.0/opentelemetry-sdk-trace-1.24.0.jar:/Users/mohammedhaseebalikhan/.m2/repository/io/opentelemetry/opentelemetry-sdk/1.24.0/opentelemetry-sdk-1.24.0.jar:/Users/mohammedhaseebalikhan/.m2/repository/io/opentelemetry/opentelemetry-semconv/1.24.0-alpha/opentelemetry-semconv-1.24.0-alpha.jar:/Users/mohammedhaseebalikhan/.m2/repository/io/ous/jtoml/2.0.0/jtoml-2.0.0.jar:/Users/mohammedhaseebalikhan/.m2/repository/net/bytebuddy/byte-buddy/1.14.2/byte-buddy-1.14.2.jar:/Users/mohammedhaseebalikhan/.m2/repository/org/apache/commons/commons-exec/1.3/commons-exec-1.3.jar:/Users/mohammedhaseebalikhan/.m2/repository/org/asynchttpclient/async-http-client/2.12.3/async-http-client-2.12.3.jar:/Users/mohammedhaseebalikhan/.m2/repository/org/asynchttpclient/async-http-client-netty-utils/2.12.3/async-http-client-netty-utils-2.12.3.jar:/Users/mohammedhaseebalikhan/.m2/repository/io/netty/netty-codec-socks/4.1.60.Final/netty-codec-socks-4.1.60.Final.jar:/Users/mohammedhaseebalikhan/.m2/repository/io/netty/netty-handler-proxy/4.1.60.Final/netty-handler-proxy-4.1.60.Final.jar:/Users/mohammedhaseebalikhan/.m2/repository/io/netty/netty-transport-native-epoll/4.1.60.Final/netty-transport-native-epoll-4.1.60.Final-linux-x86_64.jar:/Users/mohammedhaseebalikhan/.m2/repository/io/netty/netty-transport-native-kqueue/4.1.60.Final/netty-transport-native-kqueue-4.1.60.Final-osx-x86_64.jar:/Users/mohammedhaseebalikhan/.m2/repository/com/typesafe/netty/netty-reactive-streams/2.0.4/netty-reactive-streams-2.0.4.jar:/Users/mohammedhaseebalikhan/.m2/repository/com/sun/activation/jakarta.activation/1.2.2/jakarta.activation-1.2.2.jar:/Users/mohammedhaseebalikhan/.m2/repository/org/seleniumhq/selenium/selenium-safari-driver/4.8.2/selenium-safari-driver-4.8.2.jar:/Users/mohammedhaseebalikhan/.m2/repository/org/seleniumhq/selenium/selenium-support/4.8.2/selenium-support-4.8.2.jar:/Users/mohammedhaseebalikhan/.m2/repository/org/testng/testng/6.14.3/testng-6.14.3.jar:/Users/mohammedhaseebalikhan/.m2/repository/com/beust/jcommander/1.72/jcommander-1.72.jar:/Users/mohammedhaseebalikhan/.m2/repository/org/apache-extras/beanshell/bsh/2.0b6/bsh-2.0b6.jar:/Users/mohammedhaseebalikhan/.m2/repository/org/projectlombok/lombok/1.18.24/lombok-1.18.24.jar:/Users/mohammedhaseebalikhan/.m2/repository/io/github/bonigarcia/webdrivermanager/5.3.2/webdrivermanager-5.3.2.jar:/Users/mohammedhaseebalikhan/.m2/repository/org/slf4j/slf4j-api/2.0.6/slf4j-api-2.0.6.jar:/Users/mohammedhaseebalikhan/.m2/repository/com/github/docker-java/docker-java/3.2.14/docker-java-3.2.14.jar:/Users/mohammedhaseebalikhan/.m2/repository/com/github/docker-java/docker-java-core/3.2.14/docker-java-core-3.2.14.jar:/Users/mohammedhaseebalikhan/.m2/repository/com/github/docker-java/docker-java-api/3.2.14/docker-java-api-3.2.14.jar:/Users/mohammedhaseebalikhan/.m2/repository/org/apache/commons/commons-compress/1.21/commons-compress-1.21.jar:/Users/mohammedhaseebalikhan/.m2/repository/org/bouncycastle/bcpkix-jdk15on/1.64/bcpkix-jdk15on-1.64.jar:/Users/mohammedhaseebalikhan/.m2/repository/org/bouncycastle/bcprov-jdk15on/1.64/bcprov-jdk15on-1.64.jar:/Users/mohammedhaseebalikhan/.m2/repository/org/slf4j/jcl-over-slf4j/1.7.30/jcl-over-slf4j-1.7.30.jar:/Users/mohammedhaseebalikhan/.m2/repository/com/github/docker-java/docker-java-transport-httpclient5/3.2.14/docker-java-transport-httpclient5-3.2.14.jar:/Users/mohammedhaseebalikhan/.m2/repository/com/github/docker-java/docker-java-transport/3.2.14/docker-java-transport-3.2.14.jar:/Users/mohammedhaseebalikhan/.m2/repository/net/java/dev/jna/jna/5.12.1/jna-5.12.1.jar:/Users/mohammedhaseebalikhan/.m2/repository/org/brotli/dec/0.1.2/dec-0.1.2.jar:/Users/mohammedhaseebalikhan/.m2/repository/org/apache/httpcomponents/client5/httpclient5/5.2.1/httpclient5-5.2.1.jar:/Users/mohammedhaseebalikhan/.m2/repository/org/apache/httpcomponents/core5/httpcore5/5.2/httpcore5-5.2.jar:/Users/mohammedhaseebalikhan/.m2/repository/org/apache/httpcomponents/core5/httpcore5-h2/5.2/httpcore5-h2-5.2.jar:/Users/mohammedhaseebalikhan/.m2/repository/io/jsonwebtoken/jjwt-api/0.11.5/jjwt-api-0.11.5.jar:/Users/mohammedhaseebalikhan/.m2/repository/io/jsonwebtoken/jjwt-impl/0.11.5/jjwt-impl-0.11.5.jar:/Users/mohammedhaseebalikhan/.m2/repository/io/jsonwebtoken/jjwt-jackson/0.11.5/jjwt-jackson-0.11.5.jar:"/>
    <property name="sun.cpu.endian" value="little"/>
    <property name="user.home" value="/Users/mohammedhaseebalikhan"/>
    <property name="user.language" value="en"/>
    <property name="java.specification.vendor" value="Oracle Corporation"/>
    <property name="java.version.date" value="2023-04-18"/>
    <property name="java.home" value="/usr/local/Cellar/openjdk/20.0.1/libexec/openjdk.jdk/Contents/Home"/>
    <property name="file.separator" value="/"/>
    <property name="basedir" value="/Users/mohammedhaseebalikhan/Desktop/AUTOMATION/SeleniumPOMHaseeb"/>
    <property name="java.vm.compressedOopsMode" value="Zero based"/>
    <property name="line.separator" value="&#10;"/>
    <property name="java.vm.specification.vendor" value="Oracle Corporation"/>
    <property name="java.specification.name" value="Java Platform API Specification"/>
    <property name="apple.awt.application.name" value="ForkedBooter"/>
    <property name="surefire.real.class.path" value="/Users/mohammedhaseebalikhan/Desktop/AUTOMATION/SeleniumPOMHaseeb/target/surefire/surefirebooter-20230815122031232_3.jar"/>
    <property name="sun.management.compiler" value="HotSpot 64-Bit Tiered Compilers"/>
    <property name="ftp.nonProxyHosts" value="local|*.local|169.254/16|*.169.254/16"/>
    <property name="java.runtime.version" value="20.0.1"/>
    <property name="user.name" value="mohammedhaseebalikhan"/>
    <property name="stdout.encoding" value="UTF-8"/>
    <property name="path.separator" value=":"/>
    <property name="os.version" value="13.4.1"/>
    <property name="java.runtime.name" value="OpenJDK Runtime Environment"/>
    <property name="file.encoding" value="UTF-8"/>
    <property name="java.vm.name" value="OpenJDK 64-Bit Server VM"/>
    <property name="java.vendor.version" value="Homebrew"/>
    <property name="localRepository" value="/Users/mohammedhaseebalikhan/.m2/repository"/>
    <property name="java.vendor.url.bug" value="https://github.com/Homebrew/homebrew-core/issues"/>
    <property name="java.io.tmpdir" value="/var/folders/4k/gyl3xjyn3514txzn3q8qgbqw0000gp/T/"/>
    <property name="java.version" value="20.0.1"/>
    <property name="user.dir" value="/Users/mohammedhaseebalikhan/Desktop/AUTOMATION/SeleniumPOMHaseeb"/>
    <property name="os.arch" value="x86_64"/>
    <property name="java.vm.specification.name" value="Java Virtual Machine Specification"/>
    <property name="env" value="qa"/>
    <property name="native.encoding" value="UTF-8"/>
    <property name="java.library.path" value="/Users/mohammedhaseebalikhan/Library/Java/Extensions:/Library/Java/Extensions:/Network/Library/Java/Extensions:/System/Library/Java/Extensions:/usr/lib/java:."/>
    <property name="java.vm.info" value="mixed mode, sharing"/>
    <property name="stderr.encoding" value="UTF-8"/>
    <property name="java.vendor" value="Homebrew"/>
    <property name="java.vm.version" value="20.0.1"/>
    <property name="sun.io.unicode.encoding" value="UnicodeBig"/>
    <property name="socksNonProxyHosts" value="local|*.local|169.254/16|*.169.254/16"/>
    <property name="java.class.version" value="64.0"/>
  </properties>
  <testcase name="verifyAccountDetailsTest" classname="com.magneto.test.HomePageTest" time="11.186">
    <system-out><![CDATA[...
... TestNG 6.14.3 by Cédric Beust (cedric@beust.com)
...

Test Suite started!
Test Suite started!
I am in onStart method Home page test
I am in onStart method Login Page test
loginTest started!
I am in onTestStart method loginTest start
verifyAccountDetailsTest started!
I am in onTestStart method verifyAccountDetailsTest start
]]></system-out>
    <system-err><![CDATA[SLF4J: No SLF4J providers were found.
SLF4J: Defaulting to no-operation (NOP) logger implementation
SLF4J: See https://www.slf4j.org/codes.html#noProviders for further details.
SSttaarrttiinngg  CChhrroommeeDDrriivveerr  111144..00..55773355..9900  ((338866bbcc0099ee88f4ff42fe20e2052e5deddadea1e21233ff363f6f6622636039069a6aee4499--rreeffss//bbrraanncchh--hheeaaddss//55773355@@{{##11005522}}))  oonn  ppoorrtt  2321088883

OnOlny lloyc alloc aclo ncnoencntecitoinosn sa raer ea lallolwoedwe.d
.
PPlleaesaes es ese ehtetp sh:ttp/s/:c/h/rcohmerdormievderri.vcehrr.ocmhiruomm.iourmg./osergc/usreictuy-rciotnys-icdoernastiidoenrsa tfioorn ss ufgogre sstuigogness toin okens eopn inkge eChrpoimnegD rCihvreorm esDarfiev.e
r safe.
CChhrroommeeDDrriivveerr  wwaass  ssttaarrtteedd  ssuucccceessssffuulllyl.y
.
[1692082242.265][WARNING]: This version of ChromeDriver has not been tested with Chrome version 115.
[1692082242.612][WARNING]: This version of ChromeDriver has not been tested with Chrome version 115.
Aug 15, 2023 12:20:42 PM org.openqa.selenium.devtools.CdpVersionFinder findNearestMatch
WARNING: Unable to find an exact match for CDP version 115, so returning the closest version found: 111
Aug 15, 2023 12:20:42 PM org.openqa.selenium.devtools.CdpVersionFinder findNearestMatch
WARNING: Unable to find an exact match for CDP version 115, so returning the closest version found: 111
]]></system-err>
  </testcase>
  <testcase name="verifyAccountTest" classname="com.magneto.test.HomePageTest" time="5.352">
    <system-out><![CDATA[verifyAccountDetailsTest passed!
I am in onTestSuccess method verifyAccountDetailsTest succeed
verifyAccountTest started!
I am in onTestStart method verifyAccountTest start
]]></system-out>
  </testcase>
  <testcase name="loginTest" classname="com.magneto.test.LoginTest" time="125.741">
    <system-out><![CDATA[verifyAccountTest passed!
I am in onTestSuccess method verifyAccountTest succeed
Test Suite is ending!
I am in onFinish method Home page test
]]></system-out>
    <system-err><![CDATA[Aug 15, 2023 12:21:04 PM org.openqa.selenium.remote.http.WebSocket$Listener onError
WARNING: Connection reset
java.net.SocketException: Connection reset
	at java.base/sun.nio.ch.SocketChannelImpl.throwConnectionReset(SocketChannelImpl.java:401)
	at java.base/sun.nio.ch.SocketChannelImpl.read(SocketChannelImpl.java:434)
	at io.netty.buffer.PooledByteBuf.setBytes(PooledByteBuf.java:256)
	at io.netty.buffer.AbstractByteBuf.writeBytes(AbstractByteBuf.java:1132)
	at io.netty.channel.socket.nio.NioSocketChannel.doReadBytes(NioSocketChannel.java:357)
	at io.netty.channel.nio.AbstractNioByteChannel$NioByteUnsafe.read(AbstractNioByteChannel.java:151)
	at io.netty.channel.nio.NioEventLoop.processSelectedKey(NioEventLoop.java:788)
	at io.netty.channel.nio.NioEventLoop.processSelectedKeysOptimized(NioEventLoop.java:724)
	at io.netty.channel.nio.NioEventLoop.processSelectedKeys(NioEventLoop.java:650)
	at io.netty.channel.nio.NioEventLoop.run(NioEventLoop.java:562)
	at io.netty.util.concurrent.SingleThreadEventExecutor$4.run(SingleThreadEventExecutor.java:997)
	at io.netty.util.internal.ThreadExecutorMap$2.run(ThreadExecutorMap.java:74)
	at io.netty.util.concurrent.FastThreadLocalRunnable.run(FastThreadLocalRunnable.java:30)
	at java.base/java.lang.Thread.run(Thread.java:1623)

log4j:WARN No appenders could be found for logger (freemarker.cache).
log4j:WARN Please initialize the log4j system properly.
]]></system-err>
  </testcase>
</testsuite>