<?xml version="1.0" encoding="UTF-8"?>
<!-- Generated by org.testng.reporters.JUnitReportReporter -->
<testsuite hostname="271AMBBLR-Mohammed-Haseeb-Ali-Khan.local" failures="0" tests="1" name="com.magneto.test.LoginTest" time="137.201" errors="0" timestamp="15 Aug 2023 06:53:09 GMT" skipped="0">
  <testcase classname="com.magneto.test.LoginTest" name="loginTest" time="137.201"/>
</testsuite> <!-- com.magneto.test.LoginTest -->
