<?xml version="1.0" encoding="UTF-8"?>
<!-- Generated by org.testng.reporters.JUnitReportReporter -->
<testsuite hostname="271AMBBLR-Mohammed-Haseeb-Ali-Khan.local" failures="0" tests="2" name="com.magneto.test.HomePageTest" time="16.537" errors="0" timestamp="15 Aug 2023 06:53:09 GMT" skipped="0">
  <testcase classname="com.magneto.test.HomePageTest" name="verifyAccountDetailsTest" time="11.185"/>
  <testcase classname="com.magneto.test.HomePageTest" name="verifyAccountTest" time="5.352"/>
</testsuite> <!-- com.magneto.test.HomePageTest -->
